<?xml version="1.0" encoding="UTF-8"?>
<!-- Generated by org.testng.reporters.JUnitReportReporter -->
<testsuite hostname="DESKTOP-U6C60FD" failures="0" tests="1" name="learningSelenium.TestClass" time="0.017" errors="0" timestamp="2024-05-30T18:24:07 IST" skipped="0">
  <testcase classname="learningSelenium.TestClass" name="test" time="0.017"/>
</testsuite> <!-- learningSelenium.TestClass -->
