<?xml version="1.0" encoding="UTF-8"?>
<!-- Generated by org.testng.reporters.JUnitReportReporter -->
<testsuite hostname="DESKTOP-U6C60FD" failures="0" tests="5" name="tests.FbloginTest" time="46.939" errors="0" timestamp="2024-06-10T17:51:21 IST" skipped="0">
  <testcase classname="tests.FbloginTest" name="testFacebookLogin" time="8.740"/>
  <system-out/>
  <testcase classname="tests.FbloginTest" name="testFacebookLogin" time="7.838"/>
  <system-out/>
  <testcase classname="tests.FbloginTest" name="testFacebookLogin" time="8.919"/>
  <system-out/>
  <testcase classname="tests.FbloginTest" name="testFacebookLogin" time="9.622"/>
  <system-out/>
  <testcase classname="tests.FbloginTest" name="testFacebookLogin" time="11.820"/>
  <system-out/>
</testsuite> <!-- tests.FbloginTest -->
