<?xml version="1.0" encoding="UTF-8"?>
<!-- Generated by org.testng.reporters.JUnitReportReporter -->
<testsuite hostname="DESKTOP-U6C60FD" failures="0" tests="3" name="learningSelenium.DataProviderTestNg" time="0.900" errors="0" timestamp="2024-06-02T19:44:58 IST" skipped="0">
  <testcase classname="learningSelenium.DataProviderTestNg" name="loginCheck" time="0.330"/>
  <testcase classname="learningSelenium.DataProviderTestNg" name="loginCheck" time="0.312"/>
  <testcase classname="learningSelenium.DataProviderTestNg" name="loginCheck" time="0.258"/>
</testsuite> <!-- learningSelenium.DataProviderTestNg -->
