<?xml version="1.0" encoding="UTF-8"?>
<!-- Generated by org.testng.reporters.JUnitReportReporter -->
<testsuite hostname="DESKTOP-U6C60FD" failures="0" tests="4" name="learningSelenium.FbVerification" time="0.109" errors="0" timestamp="2024-06-05T22:39:25 IST" skipped="0">
  <testcase classname="learningSelenium.FbVerification" name="verifyURLOnLandingPage" time="0.009"/>
  <testcase classname="learningSelenium.FbVerification" name="validateTextonLandingPage" time="0.042"/>
  <testcase classname="learningSelenium.FbVerification" name="verifyforgotpassonlandingpage" time="0.027"/>
  <testcase classname="learningSelenium.FbVerification" name="verifyTextonLandingPage" time="0.031"/>
</testsuite> <!-- learningSelenium.FbVerification -->
