<?xml version="1.0" encoding="UTF-8"?>
<!-- Generated by org.testng.reporters.JUnitReportReporter -->
<testsuite hostname="DESKTOP-U6C60FD" failures="0" tests="1" name="TestngPackage.NewTest" time="0.007" errors="0" timestamp="2024-06-05T16:48:11 IST" skipped="0">
  <testcase classname="TestngPackage.NewTest" name="test2" time="0.007"/>
</testsuite> <!-- TestngPackage.NewTest -->
